["INFO" - 8:54:03 p.m.] Extension Name: esbenp.prettier-vscode.
["INFO" - 8:54:03 p.m.] Extension Version: 5.8.0.
["INFO" - 8:54:03 p.m.] Loaded module 'prettier@2.2.1' from '/home/whkelvin/Projects/Gatsby/RootxSnow/rootxsnow/node_modules/prettier/index.js'
["INFO" - 8:54:03 p.m.] Loaded module 'prettier@2.2.1' from '/home/whkelvin/Projects/Gatsby/RootxSnow/rootxsnow/node_modules/prettier/index.js'
["INFO" - 8:54:03 p.m.] Enabling prettier for languages: ansible, css, graphql, home-assistant, html, javascript, javascriptreact, json, json5, jsonc, less, markdown, mdx, mongo, postcss, scss, typescript, typescriptreact, vue, yaml
["INFO" - 8:54:03 p.m.] Enabling prettier for file extensions: .JSON-tmLanguage, ._js, .avsc, .bones, .cjs, .component.html, .css, .es, .es6, .frag, .geojson, .gltf, .gql, .graphql, .graphqls, .gs, .har, .htm, .html, .html.hl, .ice, .inc, .jake, .js, .js.flow, .jsb, .jscad, .jsfl, .jsm, .json, .json5, .jsonc, .jss, .jsx, .less, .markdown, .mcmeta, .md, .mdown, .mdwn, .mdx, .mir, .mjml, .mjs, .mkd, .mkdn, .mkdown, .njs, .pac, .pcss, .postcss, .reek, .ronn, .rviz, .scss, .sjs, .ssjs, .st, .sublime-build, .sublime-commands, .sublime-completions, .sublime-keymap, .sublime-macro, .sublime-menu, .sublime-mousemap, .sublime-project, .sublime-settings, .sublime-syntax, .sublime-theme, .sublime-workspace, .sublime_metrics, .sublime_session, .syntax, .tfstate, .tfstate.backup, .topojson, .ts, .tsx, .vue, .webapp, .webmanifest, .workbook, .wxs, .wxss, .xht, .xhtml, .xsjs, .xsjslib, .yaml, .yaml-tmlanguage, .yaml.sed, .yml, .yml.mysql, .yy, .yyp
["INFO" - 8:54:03 p.m.] Enabling prettier for range supported languages: graphql, javascript, javascriptreact, json, typescript, typescriptreact
["INFO" - 9:17:12 p.m.] Formatting /home/whkelvin/Projects/Gatsby/RootxSnow/rootxsnow/src/components/content.module.scss
["INFO" - 9:17:12 p.m.] Using ignore file (if present) at /home/whkelvin/Projects/Gatsby/RootxSnow/rootxsnow/.prettierignore
["INFO" - 9:17:12 p.m.] Loaded module 'prettier@2.2.1' from '/home/whkelvin/Projects/Gatsby/RootxSnow/rootxsnow/node_modules/prettier/index.js'
["INFO" - 9:17:12 p.m.] File Info:
{
  "ignored": false,
  "inferredParser": "scss"
}
["INFO" - 9:17:12 p.m.] No local configuration (i.e. .prettierrc or .editorconfig) detected, falling back to VS Code configuration
["INFO" - 9:17:12 p.m.] Prettier Options:
{
  "arrowParens": "always",
  "bracketSpacing": true,
  "endOfLine": "lf",
  "htmlWhitespaceSensitivity": "css",
  "insertPragma": false,
  "jsxBracketSameLine": false,
  "jsxSingleQuote": false,
  "printWidth": 80,
  "proseWrap": "preserve",
  "quoteProps": "as-needed",
  "requirePragma": false,
  "semi": true,
  "singleQuote": false,
  "tabWidth": 2,
  "trailingComma": "es5",
  "useTabs": false,
  "vueIndentScriptAndStyle": false,
  "filepath": "/home/whkelvin/Projects/Gatsby/RootxSnow/rootxsnow/src/components/content.module.scss",
  "parser": "scss"
}
["INFO" - 9:17:12 p.m.] Formatting completed in 92.822355ms.
["INFO" - 9:19:11 p.m.] Formatting /home/whkelvin/Projects/Gatsby/RootxSnow/rootxsnow/src/components/content.module.scss
["INFO" - 9:19:11 p.m.] Using ignore file (if present) at /home/whkelvin/Projects/Gatsby/RootxSnow/rootxsnow/.prettierignore
["INFO" - 9:19:11 p.m.] Loaded module 'prettier@2.2.1' from '/home/whkelvin/Projects/Gatsby/RootxSnow/rootxsnow/node_modules/prettier/index.js'
["INFO" - 9:19:11 p.m.] File Info:
{
  "ignored": false,
  "inferredParser": "scss"
}
["INFO" - 9:19:11 p.m.] No local configuration (i.e. .prettierrc or .editorconfig) detected, falling back to VS Code configuration
["INFO" - 9:19:11 p.m.] Prettier Options:
{
  "arrowParens": "always",
  "bracketSpacing": true,
  "endOfLine": "lf",
  "htmlWhitespaceSensitivity": "css",
  "insertPragma": false,
  "jsxBracketSameLine": false,
  "jsxSingleQuote": false,
  "printWidth": 80,
  "proseWrap": "preserve",
  "quoteProps": "as-needed",
  "requirePragma": false,
  "semi": true,
  "singleQuote": false,
  "tabWidth": 2,
  "trailingComma": "es5",
  "useTabs": false,
  "vueIndentScriptAndStyle": false,
  "filepath": "/home/whkelvin/Projects/Gatsby/RootxSnow/rootxsnow/src/components/content.module.scss",
  "parser": "scss"
}
["INFO" - 9:19:11 p.m.] Formatting completed in 26.284999ms.
["INFO" - 9:19:52 p.m.] Formatting /home/whkelvin/Projects/Gatsby/RootxSnow/rootxsnow/src/components/content.module.scss
["INFO" - 9:19:52 p.m.] Using ignore file (if present) at /home/whkelvin/Projects/Gatsby/RootxSnow/rootxsnow/.prettierignore
["INFO" - 9:19:52 p.m.] Loaded module 'prettier@2.2.1' from '/home/whkelvin/Projects/Gatsby/RootxSnow/rootxsnow/node_modules/prettier/index.js'
["INFO" - 9:19:52 p.m.] File Info:
{
  "ignored": false,
  "inferredParser": "scss"
}
["INFO" - 9:19:52 p.m.] No local configuration (i.e. .prettierrc or .editorconfig) detected, falling back to VS Code configuration
["INFO" - 9:19:52 p.m.] Prettier Options:
{
  "arrowParens": "always",
  "bracketSpacing": true,
  "endOfLine": "lf",
  "htmlWhitespaceSensitivity": "css",
  "insertPragma": false,
  "jsxBracketSameLine": false,
  "jsxSingleQuote": false,
  "printWidth": 80,
  "proseWrap": "preserve",
  "quoteProps": "as-needed",
  "requirePragma": false,
  "semi": true,
  "singleQuote": false,
  "tabWidth": 2,
  "trailingComma": "es5",
  "useTabs": false,
  "vueIndentScriptAndStyle": false,
  "filepath": "/home/whkelvin/Projects/Gatsby/RootxSnow/rootxsnow/src/components/content.module.scss",
  "parser": "scss"
}
["INFO" - 9:19:52 p.m.] Formatting completed in 29.149038ms.
["INFO" - 9:23:36 p.m.] Formatting /home/whkelvin/Projects/Gatsby/RootxSnow/rootxsnow/src/components/content.module.scss
["INFO" - 9:23:36 p.m.] Using ignore file (if present) at /home/whkelvin/Projects/Gatsby/RootxSnow/rootxsnow/.prettierignore
["INFO" - 9:23:36 p.m.] Loaded module 'prettier@2.2.1' from '/home/whkelvin/Projects/Gatsby/RootxSnow/rootxsnow/node_modules/prettier/index.js'
["INFO" - 9:23:36 p.m.] File Info:
{
  "ignored": false,
  "inferredParser": "scss"
}
["INFO" - 9:23:36 p.m.] No local configuration (i.e. .prettierrc or .editorconfig) detected, falling back to VS Code configuration
["INFO" - 9:23:36 p.m.] Prettier Options:
{
  "arrowParens": "always",
  "bracketSpacing": true,
  "endOfLine": "lf",
  "htmlWhitespaceSensitivity": "css",
  "insertPragma": false,
  "jsxBracketSameLine": false,
  "jsxSingleQuote": false,
  "printWidth": 80,
  "proseWrap": "preserve",
  "quoteProps": "as-needed",
  "requirePragma": false,
  "semi": true,
  "singleQuote": false,
  "tabWidth": 2,
  "trailingComma": "es5",
  "useTabs": false,
  "vueIndentScriptAndStyle": false,
  "filepath": "/home/whkelvin/Projects/Gatsby/RootxSnow/rootxsnow/src/components/content.module.scss",
  "parser": "scss"
}
["INFO" - 9:23:36 p.m.] Formatting completed in 28.940179ms.
["INFO" - 9:23:45 p.m.] Formatting /home/whkelvin/Projects/Gatsby/RootxSnow/rootxsnow/src/components/content.module.scss
["INFO" - 9:23:45 p.m.] Using ignore file (if present) at /home/whkelvin/Projects/Gatsby/RootxSnow/rootxsnow/.prettierignore
["INFO" - 9:23:45 p.m.] Loaded module 'prettier@2.2.1' from '/home/whkelvin/Projects/Gatsby/RootxSnow/rootxsnow/node_modules/prettier/index.js'
["INFO" - 9:23:45 p.m.] File Info:
{
  "ignored": false,
  "inferredParser": "scss"
}
["INFO" - 9:23:45 p.m.] No local configuration (i.e. .prettierrc or .editorconfig) detected, falling back to VS Code configuration
["INFO" - 9:23:45 p.m.] Prettier Options:
{
  "arrowParens": "always",
  "bracketSpacing": true,
  "endOfLine": "lf",
  "htmlWhitespaceSensitivity": "css",
  "insertPragma": false,
  "jsxBracketSameLine": false,
  "jsxSingleQuote": false,
  "printWidth": 80,
  "proseWrap": "preserve",
  "quoteProps": "as-needed",
  "requirePragma": false,
  "semi": true,
  "singleQuote": false,
  "tabWidth": 2,
  "trailingComma": "es5",
  "useTabs": false,
  "vueIndentScriptAndStyle": false,
  "filepath": "/home/whkelvin/Projects/Gatsby/RootxSnow/rootxsnow/src/components/content.module.scss",
  "parser": "scss"
}
["INFO" - 9:23:45 p.m.] Formatting completed in 24.234255ms.
["INFO" - 9:24:35 p.m.] Formatting /home/whkelvin/Projects/Gatsby/RootxSnow/rootxsnow/src/components/content.module.scss
["INFO" - 9:24:35 p.m.] Using ignore file (if present) at /home/whkelvin/Projects/Gatsby/RootxSnow/rootxsnow/.prettierignore
["INFO" - 9:24:35 p.m.] Loaded module 'prettier@2.2.1' from '/home/whkelvin/Projects/Gatsby/RootxSnow/rootxsnow/node_modules/prettier/index.js'
["INFO" - 9:24:35 p.m.] File Info:
{
  "ignored": false,
  "inferredParser": "scss"
}
["INFO" - 9:24:35 p.m.] No local configuration (i.e. .prettierrc or .editorconfig) detected, falling back to VS Code configuration
["INFO" - 9:24:35 p.m.] Prettier Options:
{
  "arrowParens": "always",
  "bracketSpacing": true,
  "endOfLine": "lf",
  "htmlWhitespaceSensitivity": "css",
  "insertPragma": false,
  "jsxBracketSameLine": false,
  "jsxSingleQuote": false,
  "printWidth": 80,
  "proseWrap": "preserve",
  "quoteProps": "as-needed",
  "requirePragma": false,
  "semi": true,
  "singleQuote": false,
  "tabWidth": 2,
  "trailingComma": "es5",
  "useTabs": false,
  "vueIndentScriptAndStyle": false,
  "filepath": "/home/whkelvin/Projects/Gatsby/RootxSnow/rootxsnow/src/components/content.module.scss",
  "parser": "scss"
}
["INFO" - 9:24:35 p.m.] Formatting completed in 21.955753ms.
["INFO" - 9:52:52 p.m.] Formatting /home/whkelvin/Projects/Gatsby/RootxSnow/rootxsnow/src/styles/global.scss
["INFO" - 9:52:52 p.m.] Using ignore file (if present) at /home/whkelvin/Projects/Gatsby/RootxSnow/rootxsnow/.prettierignore
["INFO" - 9:52:52 p.m.] Loaded module 'prettier@2.2.1' from '/home/whkelvin/Projects/Gatsby/RootxSnow/rootxsnow/node_modules/prettier/index.js'
["INFO" - 9:52:52 p.m.] File Info:
{
  "ignored": false,
  "inferredParser": "scss"
}
["INFO" - 9:52:52 p.m.] No local configuration (i.e. .prettierrc or .editorconfig) detected, falling back to VS Code configuration
["INFO" - 9:52:52 p.m.] Prettier Options:
{
  "arrowParens": "always",
  "bracketSpacing": true,
  "endOfLine": "lf",
  "htmlWhitespaceSensitivity": "css",
  "insertPragma": false,
  "jsxBracketSameLine": false,
  "jsxSingleQuote": false,
  "printWidth": 80,
  "proseWrap": "preserve",
  "quoteProps": "as-needed",
  "requirePragma": false,
  "semi": true,
  "singleQuote": false,
  "tabWidth": 2,
  "trailingComma": "es5",
  "useTabs": false,
  "vueIndentScriptAndStyle": false,
  "filepath": "/home/whkelvin/Projects/Gatsby/RootxSnow/rootxsnow/src/styles/global.scss",
  "parser": "scss"
}
["INFO" - 9:52:52 p.m.] Formatting completed in 24.728903ms.
["INFO" - 10:18:28 p.m.] Formatting /home/whkelvin/Projects/Gatsby/RootxSnow/rootxsnow/static/mds/TerminalEmulator/content.md
["INFO" - 10:18:28 p.m.] Using ignore file (if present) at /home/whkelvin/Projects/Gatsby/RootxSnow/rootxsnow/.prettierignore
["INFO" - 10:18:28 p.m.] Loaded module 'prettier@2.2.1' from '/home/whkelvin/Projects/Gatsby/RootxSnow/rootxsnow/node_modules/prettier/index.js'
["INFO" - 10:18:28 p.m.] File Info:
{
  "ignored": false,
  "inferredParser": "markdown"
}
["INFO" - 10:18:28 p.m.] No local configuration (i.e. .prettierrc or .editorconfig) detected, falling back to VS Code configuration
["INFO" - 10:18:28 p.m.] Prettier Options:
{
  "arrowParens": "always",
  "bracketSpacing": true,
  "endOfLine": "lf",
  "htmlWhitespaceSensitivity": "css",
  "insertPragma": false,
  "jsxBracketSameLine": false,
  "jsxSingleQuote": false,
  "printWidth": 80,
  "proseWrap": "preserve",
  "quoteProps": "as-needed",
  "requirePragma": false,
  "semi": true,
  "singleQuote": false,
  "tabWidth": 2,
  "trailingComma": "es5",
  "useTabs": false,
  "vueIndentScriptAndStyle": false,
  "filepath": "/home/whkelvin/Projects/Gatsby/RootxSnow/rootxsnow/static/mds/TerminalEmulator/content.md",
  "parser": "markdown"
}
["INFO" - 10:18:28 p.m.] Formatting completed in 67.735466ms.
["INFO" - 10:21:03 p.m.] Formatting /home/whkelvin/Projects/Gatsby/RootxSnow/rootxsnow/static/mds/TerminalEmulator/content.md
["INFO" - 10:21:03 p.m.] Using ignore file (if present) at /home/whkelvin/Projects/Gatsby/RootxSnow/rootxsnow/.prettierignore
["INFO" - 10:21:03 p.m.] Loaded module 'prettier@2.2.1' from '/home/whkelvin/Projects/Gatsby/RootxSnow/rootxsnow/node_modules/prettier/index.js'
["INFO" - 10:21:03 p.m.] File Info:
{
  "ignored": false,
  "inferredParser": "markdown"
}
["INFO" - 10:21:03 p.m.] No local configuration (i.e. .prettierrc or .editorconfig) detected, falling back to VS Code configuration
["INFO" - 10:21:03 p.m.] Prettier Options:
{
  "arrowParens": "always",
  "bracketSpacing": true,
  "endOfLine": "lf",
  "htmlWhitespaceSensitivity": "css",
  "insertPragma": false,
  "jsxBracketSameLine": false,
  "jsxSingleQuote": false,
  "printWidth": 80,
  "proseWrap": "preserve",
  "quoteProps": "as-needed",
  "requirePragma": false,
  "semi": true,
  "singleQuote": false,
  "tabWidth": 2,
  "trailingComma": "es5",
  "useTabs": false,
  "vueIndentScriptAndStyle": false,
  "filepath": "/home/whkelvin/Projects/Gatsby/RootxSnow/rootxsnow/static/mds/TerminalEmulator/content.md",
  "parser": "markdown"
}
["INFO" - 10:21:03 p.m.] Formatting completed in 40.676158ms.
["INFO" - 4:00:48 p.m.] Formatting /home/whkelvin/Projects/Gatsby/RootxSnow/rootxsnow/src/pages/index.jsx
["INFO" - 4:00:48 p.m.] Using ignore file (if present) at /home/whkelvin/Projects/Gatsby/RootxSnow/rootxsnow/.prettierignore
["INFO" - 4:00:48 p.m.] Loaded module 'prettier@2.2.1' from '/home/whkelvin/Projects/Gatsby/RootxSnow/rootxsnow/node_modules/prettier/index.js'
["INFO" - 4:00:48 p.m.] File Info:
{
  "ignored": false,
  "inferredParser": "babel"
}
["INFO" - 4:00:48 p.m.] No local configuration (i.e. .prettierrc or .editorconfig) detected, falling back to VS Code configuration
["INFO" - 4:00:48 p.m.] Prettier Options:
{
  "arrowParens": "always",
  "bracketSpacing": true,
  "endOfLine": "lf",
  "htmlWhitespaceSensitivity": "css",
  "insertPragma": false,
  "jsxBracketSameLine": false,
  "jsxSingleQuote": false,
  "printWidth": 80,
  "proseWrap": "preserve",
  "quoteProps": "as-needed",
  "requirePragma": false,
  "semi": true,
  "singleQuote": false,
  "tabWidth": 2,
  "trailingComma": "es5",
  "useTabs": false,
  "vueIndentScriptAndStyle": false,
  "filepath": "/home/whkelvin/Projects/Gatsby/RootxSnow/rootxsnow/src/pages/index.jsx",
  "parser": "babel"
}
["INFO" - 4:00:48 p.m.] Formatting completed in 44.794275ms.
["INFO" - 4:06:56 p.m.] Formatting /home/whkelvin/Projects/Gatsby/RootxSnow/rootxsnow/static/mds/TerminalEmulator/GnomeTerminal/content.md
["INFO" - 4:06:56 p.m.] Using ignore file (if present) at /home/whkelvin/Projects/Gatsby/RootxSnow/rootxsnow/.prettierignore
["INFO" - 4:06:56 p.m.] Loaded module 'prettier@2.2.1' from '/home/whkelvin/Projects/Gatsby/RootxSnow/rootxsnow/node_modules/prettier/index.js'
["INFO" - 4:06:56 p.m.] File Info:
{
  "ignored": false,
  "inferredParser": "markdown"
}
["INFO" - 4:06:56 p.m.] No local configuration (i.e. .prettierrc or .editorconfig) detected, falling back to VS Code configuration
["INFO" - 4:06:56 p.m.] Prettier Options:
{
  "arrowParens": "always",
  "bracketSpacing": true,
  "endOfLine": "lf",
  "htmlWhitespaceSensitivity": "css",
  "insertPragma": false,
  "jsxBracketSameLine": false,
  "jsxSingleQuote": false,
  "printWidth": 80,
  "proseWrap": "preserve",
  "quoteProps": "as-needed",
  "requirePragma": false,
  "semi": true,
  "singleQuote": false,
  "tabWidth": 2,
  "trailingComma": "es5",
  "useTabs": false,
  "vueIndentScriptAndStyle": false,
  "filepath": "/home/whkelvin/Projects/Gatsby/RootxSnow/rootxsnow/static/mds/TerminalEmulator/GnomeTerminal/content.md",
  "parser": "markdown"
}
["INFO" - 4:06:56 p.m.] Formatting completed in 21.023987ms.
["INFO" - 4:31:45 p.m.] Formatting /home/whkelvin/Projects/Gatsby/RootxSnow/rootxsnow/static/mds/TerminalEmulator/GnomeTerminal/content.md
["INFO" - 4:31:45 p.m.] Using ignore file (if present) at /home/whkelvin/Projects/Gatsby/RootxSnow/rootxsnow/.prettierignore
["INFO" - 4:31:45 p.m.] Loaded module 'prettier@2.2.1' from '/home/whkelvin/Projects/Gatsby/RootxSnow/rootxsnow/node_modules/prettier/index.js'
["INFO" - 4:31:45 p.m.] File Info:
{
  "ignored": false,
  "inferredParser": "markdown"
}
["INFO" - 4:31:45 p.m.] No local configuration (i.e. .prettierrc or .editorconfig) detected, falling back to VS Code configuration
["INFO" - 4:31:45 p.m.] Prettier Options:
{
  "arrowParens": "always",
  "bracketSpacing": true,
  "endOfLine": "lf",
  "htmlWhitespaceSensitivity": "css",
  "insertPragma": false,
  "jsxBracketSameLine": false,
  "jsxSingleQuote": false,
  "printWidth": 80,
  "proseWrap": "preserve",
  "quoteProps": "as-needed",
  "requirePragma": false,
  "semi": true,
  "singleQuote": false,
  "tabWidth": 2,
  "trailingComma": "es5",
  "useTabs": false,
  "vueIndentScriptAndStyle": false,
  "filepath": "/home/whkelvin/Projects/Gatsby/RootxSnow/rootxsnow/static/mds/TerminalEmulator/GnomeTerminal/content.md",
  "parser": "markdown"
}
["INFO" - 4:31:45 p.m.] Formatting completed in 23.117549ms.
["INFO" - 4:31:58 p.m.] Formatting /home/whkelvin/Projects/Gatsby/RootxSnow/rootxsnow/static/mds/TerminalEmulator/GnomeTerminal/content.md
["INFO" - 4:31:58 p.m.] Using ignore file (if present) at /home/whkelvin/Projects/Gatsby/RootxSnow/rootxsnow/.prettierignore
["INFO" - 4:31:58 p.m.] Loaded module 'prettier@2.2.1' from '/home/whkelvin/Projects/Gatsby/RootxSnow/rootxsnow/node_modules/prettier/index.js'
["INFO" - 4:31:58 p.m.] File Info:
{
  "ignored": false,
  "inferredParser": "markdown"
}
["INFO" - 4:31:58 p.m.] No local configuration (i.e. .prettierrc or .editorconfig) detected, falling back to VS Code configuration
["INFO" - 4:31:58 p.m.] Prettier Options:
{
  "arrowParens": "always",
  "bracketSpacing": true,
  "endOfLine": "lf",
  "htmlWhitespaceSensitivity": "css",
  "insertPragma": false,
  "jsxBracketSameLine": false,
  "jsxSingleQuote": false,
  "printWidth": 80,
  "proseWrap": "preserve",
  "quoteProps": "as-needed",
  "requirePragma": false,
  "semi": true,
  "singleQuote": false,
  "tabWidth": 2,
  "trailingComma": "es5",
  "useTabs": false,
  "vueIndentScriptAndStyle": false,
  "filepath": "/home/whkelvin/Projects/Gatsby/RootxSnow/rootxsnow/static/mds/TerminalEmulator/GnomeTerminal/content.md",
  "parser": "markdown"
}
["INFO" - 4:31:58 p.m.] Formatting completed in 21.260061ms.
["INFO" - 4:32:01 p.m.] Formatting /home/whkelvin/Projects/Gatsby/RootxSnow/rootxsnow/static/mds/TerminalEmulator/GnomeTerminal/content.md
["INFO" - 4:32:01 p.m.] Using ignore file (if present) at /home/whkelvin/Projects/Gatsby/RootxSnow/rootxsnow/.prettierignore
["INFO" - 4:32:01 p.m.] Loaded module 'prettier@2.2.1' from '/home/whkelvin/Projects/Gatsby/RootxSnow/rootxsnow/node_modules/prettier/index.js'
["INFO" - 4:32:01 p.m.] File Info:
{
  "ignored": false,
  "inferredParser": "markdown"
}
["INFO" - 4:32:01 p.m.] No local configuration (i.e. .prettierrc or .editorconfig) detected, falling back to VS Code configuration
["INFO" - 4:32:01 p.m.] Prettier Options:
{
  "arrowParens": "always",
  "bracketSpacing": true,
  "endOfLine": "lf",
  "htmlWhitespaceSensitivity": "css",
  "insertPragma": false,
  "jsxBracketSameLine": false,
  "jsxSingleQuote": false,
  "printWidth": 80,
  "proseWrap": "preserve",
  "quoteProps": "as-needed",
  "requirePragma": false,
  "semi": true,
  "singleQuote": false,
  "tabWidth": 2,
  "trailingComma": "es5",
  "useTabs": false,
  "vueIndentScriptAndStyle": false,
  "filepath": "/home/whkelvin/Projects/Gatsby/RootxSnow/rootxsnow/static/mds/TerminalEmulator/GnomeTerminal/content.md",
  "parser": "markdown"
}
["INFO" - 4:32:01 p.m.] Formatting completed in 21.123589ms.
["INFO" - 4:34:42 p.m.] Formatting /home/whkelvin/Projects/Gatsby/RootxSnow/rootxsnow/static/mds/TerminalEmulator/GnomeTerminal/content.md
["INFO" - 4:34:42 p.m.] Using ignore file (if present) at /home/whkelvin/Projects/Gatsby/RootxSnow/rootxsnow/.prettierignore
["INFO" - 4:34:42 p.m.] Loaded module 'prettier@2.2.1' from '/home/whkelvin/Projects/Gatsby/RootxSnow/rootxsnow/node_modules/prettier/index.js'
["INFO" - 4:34:42 p.m.] File Info:
{
  "ignored": false,
  "inferredParser": "markdown"
}
["INFO" - 4:34:42 p.m.] No local configuration (i.e. .prettierrc or .editorconfig) detected, falling back to VS Code configuration
["INFO" - 4:34:42 p.m.] Prettier Options:
{
  "arrowParens": "always",
  "bracketSpacing": true,
  "endOfLine": "lf",
  "htmlWhitespaceSensitivity": "css",
  "insertPragma": false,
  "jsxBracketSameLine": false,
  "jsxSingleQuote": false,
  "printWidth": 80,
  "proseWrap": "preserve",
  "quoteProps": "as-needed",
  "requirePragma": false,
  "semi": true,
  "singleQuote": false,
  "tabWidth": 2,
  "trailingComma": "es5",
  "useTabs": false,
  "vueIndentScriptAndStyle": false,
  "filepath": "/home/whkelvin/Projects/Gatsby/RootxSnow/rootxsnow/static/mds/TerminalEmulator/GnomeTerminal/content.md",
  "parser": "markdown"
}
["INFO" - 4:34:42 p.m.] Formatting completed in 18.390639ms.
["INFO" - 4:46:36 p.m.] Formatting /home/whkelvin/Projects/Gatsby/RootxSnow/rootxsnow/static/mds/TerminalEmulator/GnomeTerminal/content.md
["INFO" - 4:46:36 p.m.] Using ignore file (if present) at /home/whkelvin/Projects/Gatsby/RootxSnow/rootxsnow/.prettierignore
["INFO" - 4:46:36 p.m.] Loaded module 'prettier@2.2.1' from '/home/whkelvin/Projects/Gatsby/RootxSnow/rootxsnow/node_modules/prettier/index.js'
["INFO" - 4:46:36 p.m.] File Info:
{
  "ignored": false,
  "inferredParser": "markdown"
}
["INFO" - 4:46:36 p.m.] No local configuration (i.e. .prettierrc or .editorconfig) detected, falling back to VS Code configuration
["INFO" - 4:46:36 p.m.] Prettier Options:
{
  "arrowParens": "always",
  "bracketSpacing": true,
  "endOfLine": "lf",
  "htmlWhitespaceSensitivity": "css",
  "insertPragma": false,
  "jsxBracketSameLine": false,
  "jsxSingleQuote": false,
  "printWidth": 80,
  "proseWrap": "preserve",
  "quoteProps": "as-needed",
  "requirePragma": false,
  "semi": true,
  "singleQuote": false,
  "tabWidth": 2,
  "trailingComma": "es5",
  "useTabs": false,
  "vueIndentScriptAndStyle": false,
  "filepath": "/home/whkelvin/Projects/Gatsby/RootxSnow/rootxsnow/static/mds/TerminalEmulator/GnomeTerminal/content.md",
  "parser": "markdown"
}
["INFO" - 4:46:36 p.m.] Formatting completed in 28.627961ms.
["INFO" - 4:46:50 p.m.] Formatting /home/whkelvin/Projects/Gatsby/RootxSnow/rootxsnow/static/mds/TerminalEmulator/GnomeTerminal/content.md
["INFO" - 4:46:50 p.m.] Using ignore file (if present) at /home/whkelvin/Projects/Gatsby/RootxSnow/rootxsnow/.prettierignore
["INFO" - 4:46:50 p.m.] Loaded module 'prettier@2.2.1' from '/home/whkelvin/Projects/Gatsby/RootxSnow/rootxsnow/node_modules/prettier/index.js'
["INFO" - 4:46:50 p.m.] File Info:
{
  "ignored": false,
  "inferredParser": "markdown"
}
["INFO" - 4:46:50 p.m.] No local configuration (i.e. .prettierrc or .editorconfig) detected, falling back to VS Code configuration
["INFO" - 4:46:50 p.m.] Prettier Options:
{
  "arrowParens": "always",
  "bracketSpacing": true,
  "endOfLine": "lf",
  "htmlWhitespaceSensitivity": "css",
  "insertPragma": false,
  "jsxBracketSameLine": false,
  "jsxSingleQuote": false,
  "printWidth": 80,
  "proseWrap": "preserve",
  "quoteProps": "as-needed",
  "requirePragma": false,
  "semi": true,
  "singleQuote": false,
  "tabWidth": 2,
  "trailingComma": "es5",
  "useTabs": false,
  "vueIndentScriptAndStyle": false,
  "filepath": "/home/whkelvin/Projects/Gatsby/RootxSnow/rootxsnow/static/mds/TerminalEmulator/GnomeTerminal/content.md",
  "parser": "markdown"
}
["INFO" - 4:46:50 p.m.] Formatting completed in 24.723386ms.
["INFO" - 4:49:16 p.m.] Formatting /home/whkelvin/Projects/Gatsby/RootxSnow/rootxsnow/static/mds/TerminalEmulator/GnomeTerminal/content.md
["INFO" - 4:49:16 p.m.] Using ignore file (if present) at /home/whkelvin/Projects/Gatsby/RootxSnow/rootxsnow/.prettierignore
["INFO" - 4:49:16 p.m.] Loaded module 'prettier@2.2.1' from '/home/whkelvin/Projects/Gatsby/RootxSnow/rootxsnow/node_modules/prettier/index.js'
["INFO" - 4:49:16 p.m.] File Info:
{
  "ignored": false,
  "inferredParser": "markdown"
}
["INFO" - 4:49:16 p.m.] No local configuration (i.e. .prettierrc or .editorconfig) detected, falling back to VS Code configuration
["INFO" - 4:49:16 p.m.] Prettier Options:
{
  "arrowParens": "always",
  "bracketSpacing": true,
  "endOfLine": "lf",
  "htmlWhitespaceSensitivity": "css",
  "insertPragma": false,
  "jsxBracketSameLine": false,
  "jsxSingleQuote": false,
  "printWidth": 80,
  "proseWrap": "preserve",
  "quoteProps": "as-needed",
  "requirePragma": false,
  "semi": true,
  "singleQuote": false,
  "tabWidth": 2,
  "trailingComma": "es5",
  "useTabs": false,
  "vueIndentScriptAndStyle": false,
  "filepath": "/home/whkelvin/Projects/Gatsby/RootxSnow/rootxsnow/static/mds/TerminalEmulator/GnomeTerminal/content.md",
  "parser": "markdown"
}
["INFO" - 4:49:16 p.m.] Formatting completed in 27.270441ms.
["INFO" - 5:12:14 p.m.] Formatting /home/whkelvin/Projects/Gatsby/RootxSnow/rootxsnow/static/mds/TerminalEmulator/GnomeTerminal/content.md
["INFO" - 5:12:14 p.m.] Using ignore file (if present) at /home/whkelvin/Projects/Gatsby/RootxSnow/rootxsnow/.prettierignore
["INFO" - 5:12:14 p.m.] Loaded module 'prettier@2.2.1' from '/home/whkelvin/Projects/Gatsby/RootxSnow/rootxsnow/node_modules/prettier/index.js'
["INFO" - 5:12:14 p.m.] File Info:
{
  "ignored": false,
  "inferredParser": "markdown"
}
["INFO" - 5:12:14 p.m.] No local configuration (i.e. .prettierrc or .editorconfig) detected, falling back to VS Code configuration
["INFO" - 5:12:14 p.m.] Prettier Options:
{
  "arrowParens": "always",
  "bracketSpacing": true,
  "endOfLine": "lf",
  "htmlWhitespaceSensitivity": "css",
  "insertPragma": false,
  "jsxBracketSameLine": false,
  "jsxSingleQuote": false,
  "printWidth": 80,
  "proseWrap": "preserve",
  "quoteProps": "as-needed",
  "requirePragma": false,
  "semi": true,
  "singleQuote": false,
  "tabWidth": 2,
  "trailingComma": "es5",
  "useTabs": false,
  "vueIndentScriptAndStyle": false,
  "filepath": "/home/whkelvin/Projects/Gatsby/RootxSnow/rootxsnow/static/mds/TerminalEmulator/GnomeTerminal/content.md",
  "parser": "markdown"
}
["INFO" - 5:12:14 p.m.] Formatting completed in 46.76961ms.
["INFO" - 5:14:19 p.m.] Formatting /home/whkelvin/Projects/Gatsby/RootxSnow/rootxsnow/static/mds/TerminalEmulator/GnomeTerminal/content.md
["INFO" - 5:14:19 p.m.] Using ignore file (if present) at /home/whkelvin/Projects/Gatsby/RootxSnow/rootxsnow/.prettierignore
["INFO" - 5:14:19 p.m.] Loaded module 'prettier@2.2.1' from '/home/whkelvin/Projects/Gatsby/RootxSnow/rootxsnow/node_modules/prettier/index.js'
["INFO" - 5:14:19 p.m.] File Info:
{
  "ignored": false,
  "inferredParser": "markdown"
}
["INFO" - 5:14:19 p.m.] No local configuration (i.e. .prettierrc or .editorconfig) detected, falling back to VS Code configuration
["INFO" - 5:14:19 p.m.] Prettier Options:
{
  "arrowParens": "always",
  "bracketSpacing": true,
  "endOfLine": "lf",
  "htmlWhitespaceSensitivity": "css",
  "insertPragma": false,
  "jsxBracketSameLine": false,
  "jsxSingleQuote": false,
  "printWidth": 80,
  "proseWrap": "preserve",
  "quoteProps": "as-needed",
  "requirePragma": false,
  "semi": true,
  "singleQuote": false,
  "tabWidth": 2,
  "trailingComma": "es5",
  "useTabs": false,
  "vueIndentScriptAndStyle": false,
  "filepath": "/home/whkelvin/Projects/Gatsby/RootxSnow/rootxsnow/static/mds/TerminalEmulator/GnomeTerminal/content.md",
  "parser": "markdown"
}
["INFO" - 5:14:19 p.m.] Formatting completed in 33.41914ms.
["INFO" - 5:15:05 p.m.] Formatting /home/whkelvin/Projects/Gatsby/RootxSnow/rootxsnow/static/mds/TerminalEmulator/GnomeTerminal/content.md
["INFO" - 5:15:05 p.m.] Using ignore file (if present) at /home/whkelvin/Projects/Gatsby/RootxSnow/rootxsnow/.prettierignore
["INFO" - 5:15:05 p.m.] Loaded module 'prettier@2.2.1' from '/home/whkelvin/Projects/Gatsby/RootxSnow/rootxsnow/node_modules/prettier/index.js'
["INFO" - 5:15:05 p.m.] File Info:
{
  "ignored": false,
  "inferredParser": "markdown"
}
["INFO" - 5:15:05 p.m.] No local configuration (i.e. .prettierrc or .editorconfig) detected, falling back to VS Code configuration
["INFO" - 5:15:05 p.m.] Prettier Options:
{
  "arrowParens": "always",
  "bracketSpacing": true,
  "endOfLine": "lf",
  "htmlWhitespaceSensitivity": "css",
  "insertPragma": false,
  "jsxBracketSameLine": false,
  "jsxSingleQuote": false,
  "printWidth": 80,
  "proseWrap": "preserve",
  "quoteProps": "as-needed",
  "requirePragma": false,
  "semi": true,
  "singleQuote": false,
  "tabWidth": 2,
  "trailingComma": "es5",
  "useTabs": false,
  "vueIndentScriptAndStyle": false,
  "filepath": "/home/whkelvin/Projects/Gatsby/RootxSnow/rootxsnow/static/mds/TerminalEmulator/GnomeTerminal/content.md",
  "parser": "markdown"
}
["INFO" - 5:15:05 p.m.] Formatting completed in 33.228028ms.
["INFO" - 5:18:50 p.m.] Formatting /home/whkelvin/Projects/Gatsby/RootxSnow/rootxsnow/static/mds/TerminalEmulator/GnomeTerminal/content.md
["INFO" - 5:18:50 p.m.] Using ignore file (if present) at /home/whkelvin/Projects/Gatsby/RootxSnow/rootxsnow/.prettierignore
["INFO" - 5:18:50 p.m.] Loaded module 'prettier@2.2.1' from '/home/whkelvin/Projects/Gatsby/RootxSnow/rootxsnow/node_modules/prettier/index.js'
["INFO" - 5:18:50 p.m.] File Info:
{
  "ignored": false,
  "inferredParser": "markdown"
}
["INFO" - 5:18:50 p.m.] No local configuration (i.e. .prettierrc or .editorconfig) detected, falling back to VS Code configuration
["INFO" - 5:18:50 p.m.] Prettier Options:
{
  "arrowParens": "always",
  "bracketSpacing": true,
  "endOfLine": "lf",
  "htmlWhitespaceSensitivity": "css",
  "insertPragma": false,
  "jsxBracketSameLine": false,
  "jsxSingleQuote": false,
  "printWidth": 80,
  "proseWrap": "preserve",
  "quoteProps": "as-needed",
  "requirePragma": false,
  "semi": true,
  "singleQuote": false,
  "tabWidth": 2,
  "trailingComma": "es5",
  "useTabs": false,
  "vueIndentScriptAndStyle": false,
  "filepath": "/home/whkelvin/Projects/Gatsby/RootxSnow/rootxsnow/static/mds/TerminalEmulator/GnomeTerminal/content.md",
  "parser": "markdown"
}
["INFO" - 5:18:50 p.m.] Formatting completed in 36.666216ms.
["INFO" - 5:23:26 p.m.] Formatting /home/whkelvin/Projects/Gatsby/RootxSnow/rootxsnow/static/mds/TerminalEmulator/GnomeTerminal/content.md
["INFO" - 5:23:26 p.m.] Using ignore file (if present) at /home/whkelvin/Projects/Gatsby/RootxSnow/rootxsnow/.prettierignore
["INFO" - 5:23:26 p.m.] Loaded module 'prettier@2.2.1' from '/home/whkelvin/Projects/Gatsby/RootxSnow/rootxsnow/node_modules/prettier/index.js'
["INFO" - 5:23:26 p.m.] File Info:
{
  "ignored": false,
  "inferredParser": "markdown"
}
["INFO" - 5:23:26 p.m.] No local configuration (i.e. .prettierrc or .editorconfig) detected, falling back to VS Code configuration
["INFO" - 5:23:26 p.m.] Prettier Options:
{
  "arrowParens": "always",
  "bracketSpacing": true,
  "endOfLine": "lf",
  "htmlWhitespaceSensitivity": "css",
  "insertPragma": false,
  "jsxBracketSameLine": false,
  "jsxSingleQuote": false,
  "printWidth": 80,
  "proseWrap": "preserve",
  "quoteProps": "as-needed",
  "requirePragma": false,
  "semi": true,
  "singleQuote": false,
  "tabWidth": 2,
  "trailingComma": "es5",
  "useTabs": false,
  "vueIndentScriptAndStyle": false,
  "filepath": "/home/whkelvin/Projects/Gatsby/RootxSnow/rootxsnow/static/mds/TerminalEmulator/GnomeTerminal/content.md",
  "parser": "markdown"
}
["INFO" - 5:23:26 p.m.] Formatting completed in 38.092588ms.
["INFO" - 5:25:21 p.m.] Formatting /home/whkelvin/Projects/Gatsby/RootxSnow/rootxsnow/static/mds/TerminalEmulator/GnomeTerminal/content.md
["INFO" - 5:25:21 p.m.] Using ignore file (if present) at /home/whkelvin/Projects/Gatsby/RootxSnow/rootxsnow/.prettierignore
["INFO" - 5:25:21 p.m.] Loaded module 'prettier@2.2.1' from '/home/whkelvin/Projects/Gatsby/RootxSnow/rootxsnow/node_modules/prettier/index.js'
["INFO" - 5:25:21 p.m.] File Info:
{
  "ignored": false,
  "inferredParser": "markdown"
}
["INFO" - 5:25:21 p.m.] No local configuration (i.e. .prettierrc or .editorconfig) detected, falling back to VS Code configuration
["INFO" - 5:25:21 p.m.] Prettier Options:
{
  "arrowParens": "always",
  "bracketSpacing": true,
  "endOfLine": "lf",
  "htmlWhitespaceSensitivity": "css",
  "insertPragma": false,
  "jsxBracketSameLine": false,
  "jsxSingleQuote": false,
  "printWidth": 80,
  "proseWrap": "preserve",
  "quoteProps": "as-needed",
  "requirePragma": false,
  "semi": true,
  "singleQuote": false,
  "tabWidth": 2,
  "trailingComma": "es5",
  "useTabs": false,
  "vueIndentScriptAndStyle": false,
  "filepath": "/home/whkelvin/Projects/Gatsby/RootxSnow/rootxsnow/static/mds/TerminalEmulator/GnomeTerminal/content.md",
  "parser": "markdown"
}
["INFO" - 5:25:21 p.m.] Formatting completed in 37.863696ms.
["INFO" - 5:25:41 p.m.] Formatting /home/whkelvin/Projects/Gatsby/RootxSnow/rootxsnow/static/mds/TerminalEmulator/GnomeTerminal/content.md
["INFO" - 5:25:41 p.m.] Using ignore file (if present) at /home/whkelvin/Projects/Gatsby/RootxSnow/rootxsnow/.prettierignore
["INFO" - 5:25:41 p.m.] Loaded module 'prettier@2.2.1' from '/home/whkelvin/Projects/Gatsby/RootxSnow/rootxsnow/node_modules/prettier/index.js'
["INFO" - 5:25:41 p.m.] File Info:
{
  "ignored": false,
  "inferredParser": "markdown"
}
["INFO" - 5:25:41 p.m.] No local configuration (i.e. .prettierrc or .editorconfig) detected, falling back to VS Code configuration
["INFO" - 5:25:41 p.m.] Prettier Options:
{
  "arrowParens": "always",
  "bracketSpacing": true,
  "endOfLine": "lf",
  "htmlWhitespaceSensitivity": "css",
  "insertPragma": false,
  "jsxBracketSameLine": false,
  "jsxSingleQuote": false,
  "printWidth": 80,
  "proseWrap": "preserve",
  "quoteProps": "as-needed",
  "requirePragma": false,
  "semi": true,
  "singleQuote": false,
  "tabWidth": 2,
  "trailingComma": "es5",
  "useTabs": false,
  "vueIndentScriptAndStyle": false,
  "filepath": "/home/whkelvin/Projects/Gatsby/RootxSnow/rootxsnow/static/mds/TerminalEmulator/GnomeTerminal/content.md",
  "parser": "markdown"
}
["INFO" - 5:25:41 p.m.] Formatting completed in 39.616478ms.
["INFO" - 5:26:33 p.m.] Formatting /home/whkelvin/Projects/Gatsby/RootxSnow/rootxsnow/static/mds/TerminalEmulator/GnomeTerminal/content.md
["INFO" - 5:26:33 p.m.] Using ignore file (if present) at /home/whkelvin/Projects/Gatsby/RootxSnow/rootxsnow/.prettierignore
["INFO" - 5:26:33 p.m.] Loaded module 'prettier@2.2.1' from '/home/whkelvin/Projects/Gatsby/RootxSnow/rootxsnow/node_modules/prettier/index.js'
["INFO" - 5:26:33 p.m.] File Info:
{
  "ignored": false,
  "inferredParser": "markdown"
}
["INFO" - 5:26:33 p.m.] No local configuration (i.e. .prettierrc or .editorconfig) detected, falling back to VS Code configuration
["INFO" - 5:26:33 p.m.] Prettier Options:
{
  "arrowParens": "always",
  "bracketSpacing": true,
  "endOfLine": "lf",
  "htmlWhitespaceSensitivity": "css",
  "insertPragma": false,
  "jsxBracketSameLine": false,
  "jsxSingleQuote": false,
  "printWidth": 80,
  "proseWrap": "preserve",
  "quoteProps": "as-needed",
  "requirePragma": false,
  "semi": true,
  "singleQuote": false,
  "tabWidth": 2,
  "trailingComma": "es5",
  "useTabs": false,
  "vueIndentScriptAndStyle": false,
  "filepath": "/home/whkelvin/Projects/Gatsby/RootxSnow/rootxsnow/static/mds/TerminalEmulator/GnomeTerminal/content.md",
  "parser": "markdown"
}
["INFO" - 5:26:33 p.m.] Formatting completed in 45.531765ms.
["INFO" - 5:30:52 p.m.] Formatting /home/whkelvin/Projects/Gatsby/RootxSnow/rootxsnow/static/mds/TerminalEmulator/GnomeTerminal/content.md
["INFO" - 5:30:52 p.m.] Using ignore file (if present) at /home/whkelvin/Projects/Gatsby/RootxSnow/rootxsnow/.prettierignore
["INFO" - 5:30:52 p.m.] Loaded module 'prettier@2.2.1' from '/home/whkelvin/Projects/Gatsby/RootxSnow/rootxsnow/node_modules/prettier/index.js'
["INFO" - 5:30:52 p.m.] File Info:
{
  "ignored": false,
  "inferredParser": "markdown"
}
["INFO" - 5:30:52 p.m.] No local configuration (i.e. .prettierrc or .editorconfig) detected, falling back to VS Code configuration
["INFO" - 5:30:52 p.m.] Prettier Options:
{
  "arrowParens": "always",
  "bracketSpacing": true,
  "endOfLine": "lf",
  "htmlWhitespaceSensitivity": "css",
  "insertPragma": false,
  "jsxBracketSameLine": false,
  "jsxSingleQuote": false,
  "printWidth": 80,
  "proseWrap": "preserve",
  "quoteProps": "as-needed",
  "requirePragma": false,
  "semi": true,
  "singleQuote": false,
  "tabWidth": 2,
  "trailingComma": "es5",
  "useTabs": false,
  "vueIndentScriptAndStyle": false,
  "filepath": "/home/whkelvin/Projects/Gatsby/RootxSnow/rootxsnow/static/mds/TerminalEmulator/GnomeTerminal/content.md",
  "parser": "markdown"
}
["INFO" - 5:30:52 p.m.] Formatting completed in 53.688344ms.
["INFO" - 5:34:41 p.m.] Formatting /home/whkelvin/Projects/Gatsby/RootxSnow/rootxsnow/static/mds/TerminalEmulator/GnomeTerminal/content.md
["INFO" - 5:34:41 p.m.] Using ignore file (if present) at /home/whkelvin/Projects/Gatsby/RootxSnow/rootxsnow/.prettierignore
["INFO" - 5:34:41 p.m.] Loaded module 'prettier@2.2.1' from '/home/whkelvin/Projects/Gatsby/RootxSnow/rootxsnow/node_modules/prettier/index.js'
["INFO" - 5:34:41 p.m.] File Info:
{
  "ignored": false,
  "inferredParser": "markdown"
}
["INFO" - 5:34:41 p.m.] No local configuration (i.e. .prettierrc or .editorconfig) detected, falling back to VS Code configuration
["INFO" - 5:34:41 p.m.] Prettier Options:
{
  "arrowParens": "always",
  "bracketSpacing": true,
  "endOfLine": "lf",
  "htmlWhitespaceSensitivity": "css",
  "insertPragma": false,
  "jsxBracketSameLine": false,
  "jsxSingleQuote": false,
  "printWidth": 80,
  "proseWrap": "preserve",
  "quoteProps": "as-needed",
  "requirePragma": false,
  "semi": true,
  "singleQuote": false,
  "tabWidth": 2,
  "trailingComma": "es5",
  "useTabs": false,
  "vueIndentScriptAndStyle": false,
  "filepath": "/home/whkelvin/Projects/Gatsby/RootxSnow/rootxsnow/static/mds/TerminalEmulator/GnomeTerminal/content.md",
  "parser": "markdown"
}
["INFO" - 5:34:41 p.m.] Formatting completed in 46.319224ms.
["INFO" - 5:35:50 p.m.] Formatting /home/whkelvin/Projects/Gatsby/RootxSnow/rootxsnow/gatsby-config.js
["INFO" - 5:35:50 p.m.] Using ignore file (if present) at /home/whkelvin/Projects/Gatsby/RootxSnow/rootxsnow/.prettierignore
["INFO" - 5:35:50 p.m.] Loaded module 'prettier@2.2.1' from '/home/whkelvin/Projects/Gatsby/RootxSnow/rootxsnow/node_modules/prettier/index.js'
["INFO" - 5:35:50 p.m.] File Info:
{
  "ignored": false,
  "inferredParser": "babel"
}
["INFO" - 5:35:50 p.m.] No local configuration (i.e. .prettierrc or .editorconfig) detected, falling back to VS Code configuration
["INFO" - 5:35:50 p.m.] Prettier Options:
{
  "arrowParens": "always",
  "bracketSpacing": true,
  "endOfLine": "lf",
  "htmlWhitespaceSensitivity": "css",
  "insertPragma": false,
  "jsxBracketSameLine": false,
  "jsxSingleQuote": false,
  "printWidth": 80,
  "proseWrap": "preserve",
  "quoteProps": "as-needed",
  "requirePragma": false,
  "semi": true,
  "singleQuote": false,
  "tabWidth": 2,
  "trailingComma": "es5",
  "useTabs": false,
  "vueIndentScriptAndStyle": false,
  "filepath": "/home/whkelvin/Projects/Gatsby/RootxSnow/rootxsnow/gatsby-config.js",
  "parser": "babel"
}
["INFO" - 5:35:50 p.m.] Formatting completed in 47.708826ms.
["INFO" - 5:36:21 p.m.] Formatting /home/whkelvin/Projects/Gatsby/RootxSnow/rootxsnow/gatsby-config.js
["INFO" - 5:36:21 p.m.] Using ignore file (if present) at /home/whkelvin/Projects/Gatsby/RootxSnow/rootxsnow/.prettierignore
["INFO" - 5:36:21 p.m.] Loaded module 'prettier@2.2.1' from '/home/whkelvin/Projects/Gatsby/RootxSnow/rootxsnow/node_modules/prettier/index.js'
["INFO" - 5:36:21 p.m.] File Info:
{
  "ignored": false,
  "inferredParser": "babel"
}
["INFO" - 5:36:21 p.m.] No local configuration (i.e. .prettierrc or .editorconfig) detected, falling back to VS Code configuration
["INFO" - 5:36:21 p.m.] Prettier Options:
{
  "arrowParens": "always",
  "bracketSpacing": true,
  "endOfLine": "lf",
  "htmlWhitespaceSensitivity": "css",
  "insertPragma": false,
  "jsxBracketSameLine": false,
  "jsxSingleQuote": false,
  "printWidth": 80,
  "proseWrap": "preserve",
  "quoteProps": "as-needed",
  "requirePragma": false,
  "semi": true,
  "singleQuote": false,
  "tabWidth": 2,
  "trailingComma": "es5",
  "useTabs": false,
  "vueIndentScriptAndStyle": false,
  "filepath": "/home/whkelvin/Projects/Gatsby/RootxSnow/rootxsnow/gatsby-config.js",
  "parser": "babel"
}
["INFO" - 5:36:21 p.m.] Formatting completed in 33.445621ms.
["INFO" - 5:38:26 p.m.] Formatting /home/whkelvin/Projects/Gatsby/RootxSnow/rootxsnow/src/pages/gnomeTerminal.jsx
["INFO" - 5:38:26 p.m.] Using ignore file (if present) at /home/whkelvin/Projects/Gatsby/RootxSnow/rootxsnow/.prettierignore
["INFO" - 5:38:26 p.m.] Loaded module 'prettier@2.2.1' from '/home/whkelvin/Projects/Gatsby/RootxSnow/rootxsnow/node_modules/prettier/index.js'
["INFO" - 5:38:26 p.m.] File Info:
{
  "ignored": false,
  "inferredParser": "babel"
}
["INFO" - 5:38:26 p.m.] No local configuration (i.e. .prettierrc or .editorconfig) detected, falling back to VS Code configuration
["INFO" - 5:38:26 p.m.] Prettier Options:
{
  "arrowParens": "always",
  "bracketSpacing": true,
  "endOfLine": "lf",
  "htmlWhitespaceSensitivity": "css",
  "insertPragma": false,
  "jsxBracketSameLine": false,
  "jsxSingleQuote": false,
  "printWidth": 80,
  "proseWrap": "preserve",
  "quoteProps": "as-needed",
  "requirePragma": false,
  "semi": true,
  "singleQuote": false,
  "tabWidth": 2,
  "trailingComma": "es5",
  "useTabs": false,
  "vueIndentScriptAndStyle": false,
  "filepath": "/home/whkelvin/Projects/Gatsby/RootxSnow/rootxsnow/src/pages/gnomeTerminal.jsx",
  "parser": "babel"
}
["INFO" - 5:38:26 p.m.] Formatting completed in 32.721011ms.
["INFO" - 5:42:57 p.m.] Formatting /home/whkelvin/Projects/Gatsby/RootxSnow/rootxsnow/static/mds/UbuntuConfigurationTutorial/MyUbuntuSetup/content.md
["INFO" - 5:42:57 p.m.] Using ignore file (if present) at /home/whkelvin/Projects/Gatsby/RootxSnow/rootxsnow/.prettierignore
["INFO" - 5:42:57 p.m.] Loaded module 'prettier@2.2.1' from '/home/whkelvin/Projects/Gatsby/RootxSnow/rootxsnow/node_modules/prettier/index.js'
["INFO" - 5:42:57 p.m.] File Info:
{
  "ignored": false,
  "inferredParser": "markdown"
}
["INFO" - 5:42:57 p.m.] No local configuration (i.e. .prettierrc or .editorconfig) detected, falling back to VS Code configuration
["INFO" - 5:42:57 p.m.] Prettier Options:
{
  "arrowParens": "always",
  "bracketSpacing": true,
  "endOfLine": "lf",
  "htmlWhitespaceSensitivity": "css",
  "insertPragma": false,
  "jsxBracketSameLine": false,
  "jsxSingleQuote": false,
  "printWidth": 80,
  "proseWrap": "preserve",
  "quoteProps": "as-needed",
  "requirePragma": false,
  "semi": true,
  "singleQuote": false,
  "tabWidth": 2,
  "trailingComma": "es5",
  "useTabs": false,
  "vueIndentScriptAndStyle": false,
  "filepath": "/home/whkelvin/Projects/Gatsby/RootxSnow/rootxsnow/static/mds/UbuntuConfigurationTutorial/MyUbuntuSetup/content.md",
  "parser": "markdown"
}
["INFO" - 5:42:57 p.m.] Formatting completed in 74.354112ms.
["INFO" - 5:45:21 p.m.] Formatting /home/whkelvin/Projects/Gatsby/RootxSnow/rootxsnow/static/mds/DesktopEnvironment/Gnome/content.md
["INFO" - 5:45:21 p.m.] Using ignore file (if present) at /home/whkelvin/Projects/Gatsby/RootxSnow/rootxsnow/.prettierignore
["INFO" - 5:45:21 p.m.] Loaded module 'prettier@2.2.1' from '/home/whkelvin/Projects/Gatsby/RootxSnow/rootxsnow/node_modules/prettier/index.js'
["INFO" - 5:45:21 p.m.] File Info:
{
  "ignored": false,
  "inferredParser": "markdown"
}
["INFO" - 5:45:21 p.m.] No local configuration (i.e. .prettierrc or .editorconfig) detected, falling back to VS Code configuration
["INFO" - 5:45:21 p.m.] Prettier Options:
{
  "arrowParens": "always",
  "bracketSpacing": true,
  "endOfLine": "lf",
  "htmlWhitespaceSensitivity": "css",
  "insertPragma": false,
  "jsxBracketSameLine": false,
  "jsxSingleQuote": false,
  "printWidth": 80,
  "proseWrap": "preserve",
  "quoteProps": "as-needed",
  "requirePragma": false,
  "semi": true,
  "singleQuote": false,
  "tabWidth": 2,
  "trailingComma": "es5",
  "useTabs": false,
  "vueIndentScriptAndStyle": false,
  "filepath": "/home/whkelvin/Projects/Gatsby/RootxSnow/rootxsnow/static/mds/DesktopEnvironment/Gnome/content.md",
  "parser": "markdown"
}
["INFO" - 5:45:21 p.m.] Formatting completed in 78.664127ms.
["INFO" - 5:47:36 p.m.] Formatting /home/whkelvin/Projects/Gatsby/RootxSnow/rootxsnow/src/components/content.module.scss
["INFO" - 5:47:36 p.m.] Using ignore file (if present) at /home/whkelvin/Projects/Gatsby/RootxSnow/rootxsnow/.prettierignore
["INFO" - 5:47:36 p.m.] Loaded module 'prettier@2.2.1' from '/home/whkelvin/Projects/Gatsby/RootxSnow/rootxsnow/node_modules/prettier/index.js'
["INFO" - 5:47:36 p.m.] File Info:
{
  "ignored": false,
  "inferredParser": "scss"
}
["INFO" - 5:47:36 p.m.] No local configuration (i.e. .prettierrc or .editorconfig) detected, falling back to VS Code configuration
["INFO" - 5:47:36 p.m.] Prettier Options:
{
  "arrowParens": "always",
  "bracketSpacing": true,
  "endOfLine": "lf",
  "htmlWhitespaceSensitivity": "css",
  "insertPragma": false,
  "jsxBracketSameLine": false,
  "jsxSingleQuote": false,
  "printWidth": 80,
  "proseWrap": "preserve",
  "quoteProps": "as-needed",
  "requirePragma": false,
  "semi": true,
  "singleQuote": false,
  "tabWidth": 2,
  "trailingComma": "es5",
  "useTabs": false,
  "vueIndentScriptAndStyle": false,
  "filepath": "/home/whkelvin/Projects/Gatsby/RootxSnow/rootxsnow/src/components/content.module.scss",
  "parser": "scss"
}
["INFO" - 5:47:36 p.m.] Formatting completed in 36.853089ms.
