[2021-01-05 20:07:22.180] [exthost] [info] extension host started
[2021-01-05 20:07:22.195] [exthost] [info] ExtensionService#_doActivateExtension vscode.debug-auto-launch {"startup":true,"extensionId":{"value":"vscode.debug-auto-launch","_lower":"vscode.debug-auto-launch"},"activationEvent":"*"}
[2021-01-05 20:07:22.195] [exthost] [info] ExtensionService#loadCommonJSModule file:///usr/share/codium/resources/app/extensions/debug-auto-launch/dist/extension
[2021-01-05 20:07:22.198] [exthost] [info] ExtensionService#_doActivateExtension vscode.emmet {"startup":true,"extensionId":{"value":"vscode.emmet","_lower":"vscode.emmet"},"activationEvent":"*"}
[2021-01-05 20:07:22.198] [exthost] [info] ExtensionService#loadCommonJSModule file:///usr/share/codium/resources/app/extensions/emmet/dist/node/emmetNodeMain
[2021-01-05 20:07:22.210] [exthost] [info] ExtensionService#_doActivateExtension vscode.git {"startup":true,"extensionId":{"value":"vscode.github","_lower":"vscode.github"},"activationEvent":"*"}
[2021-01-05 20:07:22.210] [exthost] [info] ExtensionService#loadCommonJSModule file:///usr/share/codium/resources/app/extensions/git/dist/main
[2021-01-05 20:07:22.224] [exthost] [info] ExtensionService#_doActivateExtension vscode.merge-conflict {"startup":true,"extensionId":{"value":"vscode.merge-conflict","_lower":"vscode.merge-conflict"},"activationEvent":"*"}
[2021-01-05 20:07:22.224] [exthost] [info] ExtensionService#loadCommonJSModule file:///usr/share/codium/resources/app/extensions/merge-conflict/dist/mergeConflictMain
[2021-01-05 20:07:22.227] [exthost] [info] ExtensionService#_doActivateExtension vscode.search-result {"startup":true,"extensionId":{"value":"vscode.search-result","_lower":"vscode.search-result"},"activationEvent":"*"}
[2021-01-05 20:07:22.227] [exthost] [info] ExtensionService#loadCommonJSModule file:///usr/share/codium/resources/app/extensions/search-result/dist/extension.js
[2021-01-05 20:07:22.228] [exthost] [info] ExtensionService#_doActivateExtension asvetliakov.vscode-neovim {"startup":true,"extensionId":{"value":"asvetliakov.vscode-neovim","_lower":"asvetliakov.vscode-neovim"},"activationEvent":"*"}
[2021-01-05 20:07:22.228] [exthost] [info] ExtensionService#loadCommonJSModule file:///home/whkelvin/.vscode-oss/extensions/asvetliakov.vscode-neovim-0.0.76/dist/extension.js
[2021-01-05 20:07:22.254] [exthost] [info] ExtensionService#_doActivateExtension vscode.npm {"startup":true,"extensionId":{"value":"vscode.npm","_lower":"vscode.npm"},"activationEvent":"workspaceContains:package.json"}
[2021-01-05 20:07:22.254] [exthost] [info] ExtensionService#loadCommonJSModule file:///usr/share/codium/resources/app/extensions/npm/dist/npmMain
[2021-01-05 20:07:22.376] [exthost] [info] ExtensionService#_doActivateExtension ms-vscode.js-debug {"startup":false,"extensionId":{"value":"ms-vscode.js-debug","_lower":"ms-vscode.js-debug"},"activationEvent":"onCommand:extension.js-debug.clearAutoAttachVariables"}
[2021-01-05 20:07:22.376] [exthost] [info] ExtensionService#loadCommonJSModule file:///usr/share/codium/resources/app/extensions/ms-vscode.js-debug/src/extension.js
[2021-01-05 20:07:22.448] [exthost] [info] ExtensionService#_doActivateExtension vscode.github {"startup":false,"extensionId":{"value":"vscode.github","_lower":"vscode.github"},"activationEvent":"*"}
[2021-01-05 20:07:22.448] [exthost] [info] ExtensionService#loadCommonJSModule file:///usr/share/codium/resources/app/extensions/github/dist/extension.js
[2021-01-05 20:07:22.710] [exthost] [info] eager extensions activated
[2021-01-05 20:07:22.722] [exthost] [info] ExtensionService#_doActivateExtension esbenp.prettier-vscode {"startup":false,"extensionId":{"value":"esbenp.prettier-vscode","_lower":"esbenp.prettier-vscode"},"activationEvent":"onStartupFinished"}
[2021-01-05 20:07:22.722] [exthost] [info] ExtensionService#loadCommonJSModule file:///home/whkelvin/.vscode-oss/extensions/esbenp.prettier-vscode-5.8.0/dist/extension
