[2021-01-02 20:14:23.619] [renderer1] [error] [File Watcher (node.js)] Error: ENOENT: no such file or directory, stat '/home/whkelvin/Projects/Gatsby/RootxSnow/rootxsnow/.vscode'
[2021-01-02 20:33:51.584] [renderer1] [error] <semantic> TypeScript Server Error (4.1.2)
Debug Failure. Token and statement should start at the same point. {"statementKind":"ClassDeclaration","tokenKind":"CloseBraceToken","errorCode":7027,"start":275,"length":1}
Error: Debug Failure. Token and statement should start at the same point. {"statementKind":"ClassDeclaration","tokenKind":"CloseBraceToken","errorCode":7027,"start":275,"length":1}
    at doChange (/usr/share/codium/resources/app/extensions/node_modules/typescript/lib/tsserver.js:138345:26)
    at /usr/share/codium/resources/app/extensions/node_modules/typescript/lib/tsserver.js:138328:96
    at Function.ChangeTracker.with (/usr/share/codium/resources/app/extensions/node_modules/typescript/lib/tsserver.js:132349:17)
    at Object.getCodeActions (/usr/share/codium/resources/app/extensions/node_modules/typescript/lib/tsserver.js:138328:64)
    at /usr/share/codium/resources/app/extensions/node_modules/typescript/lib/tsserver.js:133528:77
    at Object.flatMap (/usr/share/codium/resources/app/extensions/node_modules/typescript/lib/tsserver.js:513:25)
    at Object.getFixes (/usr/share/codium/resources/app/extensions/node_modules/typescript/lib/tsserver.js:133528:23)
    at /usr/share/codium/resources/app/extensions/node_modules/typescript/lib/tsserver.js:147037:35
    at Object.flatMap (/usr/share/codium/resources/app/extensions/node_modules/typescript/lib/tsserver.js:513:25)
    at Proxy.getCodeFixesAtPosition (/usr/share/codium/resources/app/extensions/node_modules/typescript/lib/tsserver.js:147035:23)
    at IOSession.Session.getCodeFixes (/usr/share/codium/resources/app/extensions/node_modules/typescript/lib/tsserver.js:157976:64)
    at Session.handlers.ts.Map.ts.getEntries._a.<computed> (/usr/share/codium/resources/app/extensions/node_modules/typescript/lib/tsserver.js:156653:61)
    at /usr/share/codium/resources/app/extensions/node_modules/typescript/lib/tsserver.js:158276:88
    at IOSession.Session.executeWithRequestId (/usr/share/codium/resources/app/extensions/node_modules/typescript/lib/tsserver.js:158267:28)
    at IOSession.Session.executeCommand (/usr/share/codium/resources/app/extensions/node_modules/typescript/lib/tsserver.js:158276:33)
    at IOSession.Session.onMessage (/usr/share/codium/resources/app/extensions/node_modules/typescript/lib/tsserver.js:158300:35)
    at Interface.<anonymous> (/usr/share/codium/resources/app/extensions/node_modules/typescript/lib/tsserver.js:160510:27)
    at Interface.emit (events.js:223:5)
    at Interface._onLine (readline.js:315:10)
    at Interface._normalWrite (readline.js:460:12)
    at Socket.ondata (readline.js:172:10)
    at Socket.emit (events.js:223:5)
    at addChunk (_stream_readable.js:309:12)
    at readableAddChunk (_stream_readable.js:290:11)
    at Socket.Readable.push (_stream_readable.js:224:10)
    at Pipe.onStreamRead (internal/stream_base_commons.js:181:23): Error: <semantic> TypeScript Server Error (4.1.2)
Debug Failure. Token and statement should start at the same point. {"statementKind":"ClassDeclaration","tokenKind":"CloseBraceToken","errorCode":7027,"start":275,"length":1}
Error: Debug Failure. Token and statement should start at the same point. {"statementKind":"ClassDeclaration","tokenKind":"CloseBraceToken","errorCode":7027,"start":275,"length":1}
    at doChange (/usr/share/codium/resources/app/extensions/node_modules/typescript/lib/tsserver.js:138345:26)
    at /usr/share/codium/resources/app/extensions/node_modules/typescript/lib/tsserver.js:138328:96
    at Function.ChangeTracker.with (/usr/share/codium/resources/app/extensions/node_modules/typescript/lib/tsserver.js:132349:17)
    at Object.getCodeActions (/usr/share/codium/resources/app/extensions/node_modules/typescript/lib/tsserver.js:138328:64)
    at /usr/share/codium/resources/app/extensions/node_modules/typescript/lib/tsserver.js:133528:77
    at Object.flatMap (/usr/share/codium/resources/app/extensions/node_modules/typescript/lib/tsserver.js:513:25)
    at Object.getFixes (/usr/share/codium/resources/app/extensions/node_modules/typescript/lib/tsserver.js:133528:23)
    at /usr/share/codium/resources/app/extensions/node_modules/typescript/lib/tsserver.js:147037:35
    at Object.flatMap (/usr/share/codium/resources/app/extensions/node_modules/typescript/lib/tsserver.js:513:25)
    at Proxy.getCodeFixesAtPosition (/usr/share/codium/resources/app/extensions/node_modules/typescript/lib/tsserver.js:147035:23)
    at IOSession.Session.getCodeFixes (/usr/share/codium/resources/app/extensions/node_modules/typescript/lib/tsserver.js:157976:64)
    at Session.handlers.ts.Map.ts.getEntries._a.<computed> (/usr/share/codium/resources/app/extensions/node_modules/typescript/lib/tsserver.js:156653:61)
    at /usr/share/codium/resources/app/extensions/node_modules/typescript/lib/tsserver.js:158276:88
    at IOSession.Session.executeWithRequestId (/usr/share/codium/resources/app/extensions/node_modules/typescript/lib/tsserver.js:158267:28)
    at IOSession.Session.executeCommand (/usr/share/codium/resources/app/extensions/node_modules/typescript/lib/tsserver.js:158276:33)
    at IOSession.Session.onMessage (/usr/share/codium/resources/app/extensions/node_modules/typescript/lib/tsserver.js:158300:35)
    at Interface.<anonymous> (/usr/share/codium/resources/app/extensions/node_modules/typescript/lib/tsserver.js:160510:27)
    at Interface.emit (events.js:223:5)
    at Interface._onLine (readline.js:315:10)
    at Interface._normalWrite (readline.js:460:12)
    at Socket.ondata (readline.js:172:10)
    at Socket.emit (events.js:223:5)
    at addChunk (_stream_readable.js:309:12)
    at readableAddChunk (_stream_readable.js:290:11)
    at Socket.Readable.push (_stream_readable.js:224:10)
    at Pipe.onStreamRead (internal/stream_base_commons.js:181:23)
	at Function.create (/usr/share/codium/resources/app/extensions/typescript-language-features/dist/extension.js:1:76778)
	at dispatchResponse (/usr/share/codium/resources/app/extensions/typescript-language-features/dist/extension.js:1:70653)
	at dispatchMessage (/usr/share/codium/resources/app/extensions/typescript-language-features/dist/extension.js:1:69512)
	at /usr/share/codium/resources/app/extensions/typescript-language-features/dist/extension.js:1:69022
	at l.fire (/usr/share/codium/resources/app/out/vs/workbench/services/extensions/node/extensionHostProcess.js:46:801)
	at g.onLengthData (/usr/share/codium/resources/app/extensions/typescript-language-features/dist/extension.js:45:59997)
	at Socket.<anonymous> (/usr/share/codium/resources/app/extensions/typescript-language-features/dist/extension.js:45:59645)
	at Socket.emit (events.js:223:5)
	at addChunk (_stream_readable.js:309:12)
	at readableAddChunk (_stream_readable.js:290:11)
	at Socket.Readable.push (_stream_readable.js:224:10)
	at Pipe.onStreamRead (internal/stream_base_commons.js:181:23)
