Looking for git in: git
Using git 2.25.1 from git
> git rev-parse --git-dir
Open repository: /home/whkelvin/Projects/Gatsby/RootxSnow/rootxsnow
> git status -z -u
> git symbolic-ref --short HEAD
> git rev-parse master
> git rev-parse --symbolic-full-name master@{u}
fatal: no upstream configured for branch 'master'
> git for-each-ref --sort -committerdate --format %(refname) %(objectname) %(*objectname)
> git remote --verbose
> git config --get commit.template
> git check-ignore -v -z --stdin
> git show --textconv :README.md
> git ls-files --stage -- /home/whkelvin/Projects/Gatsby/RootxSnow/rootxsnow/README.md
> git cat-file -s 82d5c7f8acb5239790e4741b40e484fe8b7b4bd5
> git show --textconv :src/components/navbar.jsx
> git ls-files --stage -- /home/whkelvin/Projects/Gatsby/RootxSnow/rootxsnow/src/components/navbar.jsx
> git cat-file -s ac3fd874c5ad505fc57697c1b9d75069ffd70563
> git check-ignore -v -z --stdin
> git show --textconv :src/mds/README.md
> git ls-files --stage -- /home/whkelvin/Projects/Gatsby/RootxSnow/rootxsnow/src/mds/README.md
> git show --textconv :src/mds/test.md
> git ls-files --stage -- /home/whkelvin/Projects/Gatsby/RootxSnow/rootxsnow/src/mds/test.md
> git show --textconv :src/mds/first.md
> git ls-files --stage -- /home/whkelvin/Projects/Gatsby/RootxSnow/rootxsnow/src/mds/first.md
> git show --textconv :src/mds/README.md
> git ls-files --stage -- /home/whkelvin/Projects/Gatsby/RootxSnow/rootxsnow/src/mds/README.md
> git show --textconv :src/components/content.jsx
> git ls-files --stage -- /home/whkelvin/Projects/Gatsby/RootxSnow/rootxsnow/src/components/content.jsx
> git cat-file -s 0efdf102339fbaed25d8fa30fb278bdaf4427f13
> git show --textconv :README.md
> git ls-files --stage -- /home/whkelvin/Projects/Gatsby/RootxSnow/rootxsnow/README.md
> git cat-file -s 82d5c7f8acb5239790e4741b40e484fe8b7b4bd5
> git status -z -u
> git symbolic-ref --short HEAD
> git rev-parse master
> git rev-parse --symbolic-full-name master@{u}
fatal: no upstream configured for branch 'master'
> git for-each-ref --sort -committerdate --format %(refname) %(objectname) %(*objectname)
> git remote --verbose
> git config --get commit.template
> git status -z -u
> git symbolic-ref --short HEAD
> git rev-parse master
> git rev-parse --symbolic-full-name master@{u}
fatal: no upstream configured for branch 'master'
> git for-each-ref --sort -committerdate --format %(refname) %(objectname) %(*objectname)
> git remote --verbose
> git config --get commit.template
> git show --textconv :src/components/content.jsx
> git ls-files --stage -- /home/whkelvin/Projects/Gatsby/RootxSnow/rootxsnow/src/components/content.jsx
> git cat-file -s 0efdf102339fbaed25d8fa30fb278bdaf4427f13
> git status -z -u
> git symbolic-ref --short HEAD
> git rev-parse master
> git rev-parse --symbolic-full-name master@{u}
fatal: no upstream configured for branch 'master'
> git for-each-ref --sort -committerdate --format %(refname) %(objectname) %(*objectname)
> git remote --verbose
> git config --get commit.template
> git status -z -u
> git symbolic-ref --short HEAD
> git rev-parse master
> git rev-parse --symbolic-full-name master@{u}
fatal: no upstream configured for branch 'master'
> git for-each-ref --sort -committerdate --format %(refname) %(objectname) %(*objectname)
> git remote --verbose
> git config --get commit.template
> git status -z -u
> git symbolic-ref --short HEAD
> git rev-parse master
> git rev-parse --symbolic-full-name master@{u}
fatal: no upstream configured for branch 'master'
> git for-each-ref --sort -committerdate --format %(refname) %(objectname) %(*objectname)
> git remote --verbose
> git config --get commit.template
> git status -z -u
> git symbolic-ref --short HEAD
> git rev-parse master
> git rev-parse --symbolic-full-name master@{u}
fatal: no upstream configured for branch 'master'
> git for-each-ref --sort -committerdate --format %(refname) %(objectname) %(*objectname)
> git remote --verbose
> git config --get commit.template
> git show --textconv :README.md
> git ls-files --stage -- /home/whkelvin/Projects/Gatsby/RootxSnow/rootxsnow/README.md
> git cat-file -s 82d5c7f8acb5239790e4741b40e484fe8b7b4bd5
> git show --textconv :src/components/content.jsx
> git ls-files --stage -- /home/whkelvin/Projects/Gatsby/RootxSnow/rootxsnow/src/components/content.jsx
> git cat-file -s 0efdf102339fbaed25d8fa30fb278bdaf4427f13
> git show --textconv :src/mds/test.md
> git ls-files --stage -- /home/whkelvin/Projects/Gatsby/RootxSnow/rootxsnow/src/mds/test.md
> git show --textconv :src/mds/README.md
> git ls-files --stage -- /home/whkelvin/Projects/Gatsby/RootxSnow/rootxsnow/src/mds/README.md
> git status -z -u
> git symbolic-ref --short HEAD
> git rev-parse master
> git rev-parse --symbolic-full-name master@{u}
fatal: no upstream configured for branch 'master'
> git for-each-ref --sort -committerdate --format %(refname) %(objectname) %(*objectname)
> git remote --verbose
> git config --get commit.template
> git show --textconv :gatsby-browser.js
> git ls-files --stage -- /home/whkelvin/Projects/Gatsby/RootxSnow/rootxsnow/gatsby-browser.js
> git cat-file -s a5e7226d3023dceefab2a0f37bca990828c0f0f8
> git show --textconv :LICENSE
> git ls-files --stage -- /home/whkelvin/Projects/Gatsby/RootxSnow/rootxsnow/LICENSE
> git cat-file -s 7e964c1ee5f4f6b03d6881b7f7d070c66d4bdf34
> git show --textconv :gatsby-config.js
> git ls-files --stage -- /home/whkelvin/Projects/Gatsby/RootxSnow/rootxsnow/gatsby-config.js
> git cat-file -s 1107feeab15ecdfc80c545c4fd244a467ac27c72
> git status -z -u
> git symbolic-ref --short HEAD
> git rev-parse master
> git rev-parse --symbolic-full-name master@{u}
fatal: no upstream configured for branch 'master'
> git for-each-ref --sort -committerdate --format %(refname) %(objectname) %(*objectname)
> git remote --verbose
> git config --get commit.template
> git check-ignore -v -z --stdin
> git status -z -u
> git symbolic-ref --short HEAD
> git rev-parse master
> git rev-parse --symbolic-full-name master@{u}
fatal: no upstream configured for branch 'master'
> git for-each-ref --sort -committerdate --format %(refname) %(objectname) %(*objectname)
> git remote --verbose
> git config --get commit.template
> git status -z -u
> git check-ignore -v -z --stdin
> git symbolic-ref --short HEAD
> git rev-parse master
> git rev-parse --symbolic-full-name master@{u}
fatal: no upstream configured for branch 'master'
> git for-each-ref --sort -committerdate --format %(refname) %(objectname) %(*objectname)
> git remote --verbose
> git config --get commit.template
> git show --textconv :src/mds/MyUbuntuSetUp/README.md
> git ls-files --stage -- /home/whkelvin/Projects/Gatsby/RootxSnow/rootxsnow/src/mds/MyUbuntuSetUp/README.md
> git show --textconv :src/mds/MyUbuntuSetUp/content.md
> git ls-files --stage -- /home/whkelvin/Projects/Gatsby/RootxSnow/rootxsnow/src/mds/MyUbuntuSetUp/content.md
> git check-ignore -v -z --stdin
> git status -z -u
> git symbolic-ref --short HEAD
> git rev-parse master
> git rev-parse --symbolic-full-name master@{u}
fatal: no upstream configured for branch 'master'
> git for-each-ref --sort -committerdate --format %(refname) %(objectname) %(*objectname)
> git remote --verbose
> git config --get commit.template
> git status -z -u
> git symbolic-ref --short HEAD
> git rev-parse master
> git rev-parse --symbolic-full-name master@{u}
fatal: no upstream configured for branch 'master'
> git for-each-ref --sort -committerdate --format %(refname) %(objectname) %(*objectname)
> git remote --verbose
> git config --get commit.template
> git status -z -u
> git symbolic-ref --short HEAD
> git rev-parse master
> git rev-parse --symbolic-full-name master@{u}
fatal: no upstream configured for branch 'master'
> git for-each-ref --sort -committerdate --format %(refname) %(objectname) %(*objectname)
> git remote --verbose
> git config --get commit.template
> git show --textconv :src/mds/first.md
> git ls-files --stage -- /home/whkelvin/Projects/Gatsby/RootxSnow/rootxsnow/src/mds/first.md
> git show --textconv :src/components/content.jsx
> git ls-files --stage -- /home/whkelvin/Projects/Gatsby/RootxSnow/rootxsnow/src/components/content.jsx
> git cat-file -s 0efdf102339fbaed25d8fa30fb278bdaf4427f13
> git status -z -u
> git symbolic-ref --short HEAD
> git rev-parse master
> git rev-parse --symbolic-full-name master@{u}
fatal: no upstream configured for branch 'master'
> git for-each-ref --sort -committerdate --format %(refname) %(objectname) %(*objectname)
> git remote --verbose
> git config --get commit.template
> git status -z -u
> git symbolic-ref --short HEAD
> git rev-parse master
> git rev-parse --symbolic-full-name master@{u}
fatal: no upstream configured for branch 'master'
> git for-each-ref --sort -committerdate --format %(refname) %(objectname) %(*objectname)
> git remote --verbose
> git config --get commit.template
> git status -z -u
> git symbolic-ref --short HEAD
> git rev-parse master
> git rev-parse --symbolic-full-name master@{u}
fatal: no upstream configured for branch 'master'
> git for-each-ref --sort -committerdate --format %(refname) %(objectname) %(*objectname)
> git remote --verbose
> git config --get commit.template
> git status -z -u
> git symbolic-ref --short HEAD
> git rev-parse master
> git rev-parse --symbolic-full-name master@{u}
fatal: no upstream configured for branch 'master'
> git for-each-ref --sort -committerdate --format %(refname) %(objectname) %(*objectname)
> git remote --verbose
> git config --get commit.template
> git show --textconv :src/mds/first.md
> git ls-files --stage -- /home/whkelvin/Projects/Gatsby/RootxSnow/rootxsnow/src/mds/first.md
> git show --textconv :src/components/content.jsx
> git ls-files --stage -- /home/whkelvin/Projects/Gatsby/RootxSnow/rootxsnow/src/components/content.jsx
> git cat-file -s 0efdf102339fbaed25d8fa30fb278bdaf4427f13
> git show --textconv :gatsby-config.js
> git ls-files --stage -- /home/whkelvin/Projects/Gatsby/RootxSnow/rootxsnow/gatsby-config.js
> git cat-file -s 1107feeab15ecdfc80c545c4fd244a467ac27c72
> git check-ignore -v -z --stdin
> git show --textconv :src/mds/MyUbuntuSetUp/content.md
> git ls-files --stage -- /home/whkelvin/Projects/Gatsby/RootxSnow/rootxsnow/src/mds/MyUbuntuSetUp/content.md
> git status -z -u
> git symbolic-ref --short HEAD
> git rev-parse master
> git rev-parse --symbolic-full-name master@{u}
fatal: no upstream configured for branch 'master'
> git for-each-ref --sort -committerdate --format %(refname) %(objectname) %(*objectname)
> git remote --verbose
> git config --get commit.template
> git show --textconv :src/mds/MyUbuntuSetUp/content.md
> git ls-files --stage -- /home/whkelvin/Projects/Gatsby/RootxSnow/rootxsnow/src/mds/MyUbuntuSetUp/content.md
> git status -z -u
> git symbolic-ref --short HEAD
> git rev-parse master
> git rev-parse --symbolic-full-name master@{u}
fatal: no upstream configured for branch 'master'
> git for-each-ref --sort -committerdate --format %(refname) %(objectname) %(*objectname)
> git remote --verbose
> git config --get commit.template
> git status -z -u
> git symbolic-ref --short HEAD
> git rev-parse master
> git rev-parse --symbolic-full-name master@{u}
fatal: no upstream configured for branch 'master'
> git for-each-ref --sort -committerdate --format %(refname) %(objectname) %(*objectname)
> git remote --verbose
> git config --get commit.template
> git status -z -u
> git symbolic-ref --short HEAD
> git rev-parse master
> git rev-parse --symbolic-full-name master@{u}
fatal: no upstream configured for branch 'master'
> git for-each-ref --sort -committerdate --format %(refname) %(objectname) %(*objectname)
> git remote --verbose
> git config --get commit.template
> git show --textconv :gatsby-config.js
> git ls-files --stage -- /home/whkelvin/Projects/Gatsby/RootxSnow/rootxsnow/gatsby-config.js
> git cat-file -s 1107feeab15ecdfc80c545c4fd244a467ac27c72
> git status -z -u
> git symbolic-ref --short HEAD
> git rev-parse master
> git rev-parse --symbolic-full-name master@{u}
fatal: no upstream configured for branch 'master'
> git for-each-ref --sort -committerdate --format %(refname) %(objectname) %(*objectname)
> git remote --verbose
> git config --get commit.template
> git status -z -u
> git symbolic-ref --short HEAD
> git rev-parse master
> git rev-parse --symbolic-full-name master@{u}
fatal: no upstream configured for branch 'master'
> git for-each-ref --sort -committerdate --format %(refname) %(objectname) %(*objectname)
> git remote --verbose
> git config --get commit.template
> git status -z -u
> git symbolic-ref --short HEAD
> git rev-parse master
> git rev-parse --symbolic-full-name master@{u}
fatal: no upstream configured for branch 'master'
> git for-each-ref --sort -committerdate --format %(refname) %(objectname) %(*objectname)
> git remote --verbose
> git config --get commit.template
> git check-ignore -v -z --stdin
> git show --textconv :src/styles/global.scss
> git ls-files --stage -- /home/whkelvin/Projects/Gatsby/RootxSnow/rootxsnow/src/styles/global.scss
> git cat-file -s be01ec69d140240400ff5da0af2f5baa5416a932
> git status -z -u
> git symbolic-ref --short HEAD
> git rev-parse master
> git rev-parse --symbolic-full-name master@{u}
fatal: no upstream configured for branch 'master'
> git for-each-ref --sort -committerdate --format %(refname) %(objectname) %(*objectname)
> git remote --verbose
> git config --get commit.template
> git show --textconv :src/mds/MyUbuntuSetUp/content.md
> git ls-files --stage -- /home/whkelvin/Projects/Gatsby/RootxSnow/rootxsnow/src/mds/MyUbuntuSetUp/content.md
> git status -z -u
> git symbolic-ref --short HEAD
> git rev-parse master
> git rev-parse --symbolic-full-name master@{u}
fatal: no upstream configured for branch 'master'
> git for-each-ref --sort -committerdate --format %(refname) %(objectname) %(*objectname)
> git remote --verbose
> git config --get commit.template
> git show --textconv :src/styles/global.scss
> git ls-files --stage -- /home/whkelvin/Projects/Gatsby/RootxSnow/rootxsnow/src/styles/global.scss
> git cat-file -s be01ec69d140240400ff5da0af2f5baa5416a932
> git status -z -u
> git symbolic-ref --short HEAD
> git rev-parse master
> git rev-parse --symbolic-full-name master@{u}
fatal: no upstream configured for branch 'master'
> git for-each-ref --sort -committerdate --format %(refname) %(objectname) %(*objectname)
> git remote --verbose
> git config --get commit.template
> git status -z -u
> git symbolic-ref --short HEAD
> git rev-parse master
> git rev-parse --symbolic-full-name master@{u}
fatal: no upstream configured for branch 'master'
> git for-each-ref --sort -committerdate --format %(refname) %(objectname) %(*objectname)
> git remote --verbose
> git config --get commit.template
> git status -z -u
> git symbolic-ref --short HEAD
> git rev-parse master
> git rev-parse --symbolic-full-name master@{u}
fatal: no upstream configured for branch 'master'
> git for-each-ref --sort -committerdate --format %(refname) %(objectname) %(*objectname)
> git remote --verbose
> git config --get commit.template
> git status -z -u
> git symbolic-ref --short HEAD
> git rev-parse master
> git rev-parse --symbolic-full-name master@{u}
fatal: no upstream configured for branch 'master'
> git for-each-ref --sort -committerdate --format %(refname) %(objectname) %(*objectname)
> git remote --verbose
> git config --get commit.template
> git show --textconv :src/mds/MyUbuntuSetUp/content.md
> git ls-files --stage -- /home/whkelvin/Projects/Gatsby/RootxSnow/rootxsnow/src/mds/MyUbuntuSetUp/content.md
> git show --textconv :src/components/content.jsx
> git ls-files --stage -- /home/whkelvin/Projects/Gatsby/RootxSnow/rootxsnow/src/components/content.jsx
> git cat-file -s 0efdf102339fbaed25d8fa30fb278bdaf4427f13
> git status -z -u
> git symbolic-ref --short HEAD
> git rev-parse master
> git rev-parse --symbolic-full-name master@{u}
fatal: no upstream configured for branch 'master'
> git for-each-ref --sort -committerdate --format %(refname) %(objectname) %(*objectname)
> git remote --verbose
> git config --get commit.template
> git status -z -u
> git symbolic-ref --short HEAD
> git rev-parse master
> git rev-parse --symbolic-full-name master@{u}
fatal: no upstream configured for branch 'master'
> git for-each-ref --sort -committerdate --format %(refname) %(objectname) %(*objectname)
> git remote --verbose
> git config --get commit.template
> git status -z -u
> git symbolic-ref --short HEAD
> git rev-parse master
> git rev-parse --symbolic-full-name master@{u}
fatal: no upstream configured for branch 'master'
> git for-each-ref --sort -committerdate --format %(refname) %(objectname) %(*objectname)
> git remote --verbose
> git config --get commit.template
> git show --textconv :src/styles/global.scss
> git ls-files --stage -- /home/whkelvin/Projects/Gatsby/RootxSnow/rootxsnow/src/styles/global.scss
> git cat-file -s be01ec69d140240400ff5da0af2f5baa5416a932
> git status -z -u
> git symbolic-ref --short HEAD
> git rev-parse master
> git rev-parse --symbolic-full-name master@{u}
fatal: no upstream configured for branch 'master'
> git for-each-ref --sort -committerdate --format %(refname) %(objectname) %(*objectname)
> git remote --verbose
> git config --get commit.template
> git show --textconv :gatsby-config.js
> git ls-files --stage -- /home/whkelvin/Projects/Gatsby/RootxSnow/rootxsnow/gatsby-config.js
> git cat-file -s 1107feeab15ecdfc80c545c4fd244a467ac27c72
> git show --textconv :src/components/content.jsx
> git ls-files --stage -- /home/whkelvin/Projects/Gatsby/RootxSnow/rootxsnow/src/components/content.jsx
> git cat-file -s 0efdf102339fbaed25d8fa30fb278bdaf4427f13
> git show --textconv :src/mds/MyUbuntuSetUp/content.md
> git ls-files --stage -- /home/whkelvin/Projects/Gatsby/RootxSnow/rootxsnow/src/mds/MyUbuntuSetUp/content.md
> git show --textconv :src/styles/global.scss
> git ls-files --stage -- /home/whkelvin/Projects/Gatsby/RootxSnow/rootxsnow/src/styles/global.scss
> git cat-file -s be01ec69d140240400ff5da0af2f5baa5416a932
> git show --textconv :gatsby-config.js
> git ls-files --stage -- /home/whkelvin/Projects/Gatsby/RootxSnow/rootxsnow/gatsby-config.js
> git cat-file -s 1107feeab15ecdfc80c545c4fd244a467ac27c72
> git show --textconv :src/styles/global.scss
> git ls-files --stage -- /home/whkelvin/Projects/Gatsby/RootxSnow/rootxsnow/src/styles/global.scss
> git cat-file -s be01ec69d140240400ff5da0af2f5baa5416a932
> git status -z -u
> git symbolic-ref --short HEAD
> git rev-parse master
> git rev-parse --symbolic-full-name master@{u}
fatal: no upstream configured for branch 'master'
> git for-each-ref --sort -committerdate --format %(refname) %(objectname) %(*objectname)
> git remote --verbose
> git config --get commit.template
