[2021-01-05 22:00:06.460] [exthost] [info] extension host started
[2021-01-05 22:00:06.479] [exthost] [info] ExtensionService#_doActivateExtension vscode.debug-auto-launch {"startup":true,"extensionId":{"value":"vscode.debug-auto-launch","_lower":"vscode.debug-auto-launch"},"activationEvent":"*"}
[2021-01-05 22:00:06.480] [exthost] [info] ExtensionService#loadCommonJSModule file:///usr/share/codium/resources/app/extensions/debug-auto-launch/dist/extension
[2021-01-05 22:00:06.481] [exthost] [info] ExtensionService#_doActivateExtension vscode.emmet {"startup":true,"extensionId":{"value":"vscode.emmet","_lower":"vscode.emmet"},"activationEvent":"*"}
[2021-01-05 22:00:06.481] [exthost] [info] ExtensionService#loadCommonJSModule file:///usr/share/codium/resources/app/extensions/emmet/dist/node/emmetNodeMain
[2021-01-05 22:00:06.493] [exthost] [info] ExtensionService#_doActivateExtension vscode.git {"startup":true,"extensionId":{"value":"vscode.github","_lower":"vscode.github"},"activationEvent":"*"}
[2021-01-05 22:00:06.493] [exthost] [info] ExtensionService#loadCommonJSModule file:///usr/share/codium/resources/app/extensions/git/dist/main
[2021-01-05 22:00:06.505] [exthost] [info] ExtensionService#_doActivateExtension vscode.merge-conflict {"startup":true,"extensionId":{"value":"vscode.merge-conflict","_lower":"vscode.merge-conflict"},"activationEvent":"*"}
[2021-01-05 22:00:06.505] [exthost] [info] ExtensionService#loadCommonJSModule file:///usr/share/codium/resources/app/extensions/merge-conflict/dist/mergeConflictMain
[2021-01-05 22:00:06.507] [exthost] [info] ExtensionService#_doActivateExtension vscode.search-result {"startup":true,"extensionId":{"value":"vscode.search-result","_lower":"vscode.search-result"},"activationEvent":"*"}
[2021-01-05 22:00:06.507] [exthost] [info] ExtensionService#loadCommonJSModule file:///usr/share/codium/resources/app/extensions/search-result/dist/extension.js
[2021-01-05 22:00:06.507] [exthost] [info] ExtensionService#_doActivateExtension asvetliakov.vscode-neovim {"startup":true,"extensionId":{"value":"asvetliakov.vscode-neovim","_lower":"asvetliakov.vscode-neovim"},"activationEvent":"*"}
[2021-01-05 22:00:06.507] [exthost] [info] ExtensionService#loadCommonJSModule file:///home/whkelvin/.vscode-oss/extensions/asvetliakov.vscode-neovim-0.0.76/dist/extension.js
[2021-01-05 22:00:06.518] [exthost] [info] ExtensionService#_doActivateExtension vscode.npm {"startup":true,"extensionId":{"value":"vscode.npm","_lower":"vscode.npm"},"activationEvent":"workspaceContains:package.json"}
[2021-01-05 22:00:06.518] [exthost] [info] ExtensionService#loadCommonJSModule file:///usr/share/codium/resources/app/extensions/npm/dist/npmMain
[2021-01-05 22:00:06.651] [exthost] [info] ExtensionService#_doActivateExtension ms-vscode.js-debug {"startup":false,"extensionId":{"value":"ms-vscode.js-debug","_lower":"ms-vscode.js-debug"},"activationEvent":"onCommand:extension.js-debug.clearAutoAttachVariables"}
[2021-01-05 22:00:06.651] [exthost] [info] ExtensionService#loadCommonJSModule file:///usr/share/codium/resources/app/extensions/ms-vscode.js-debug/src/extension.js
[2021-01-05 22:00:06.712] [exthost] [info] ExtensionService#_doActivateExtension vscode.github {"startup":false,"extensionId":{"value":"vscode.github","_lower":"vscode.github"},"activationEvent":"*"}
[2021-01-05 22:00:06.712] [exthost] [info] ExtensionService#loadCommonJSModule file:///usr/share/codium/resources/app/extensions/github/dist/extension.js
[2021-01-05 22:00:06.757] [exthost] [info] eager extensions activated
[2021-01-05 22:00:06.758] [exthost] [info] ExtensionService#_doActivateExtension esbenp.prettier-vscode {"startup":false,"extensionId":{"value":"esbenp.prettier-vscode","_lower":"esbenp.prettier-vscode"},"activationEvent":"onStartupFinished"}
[2021-01-05 22:00:06.758] [exthost] [info] ExtensionService#loadCommonJSModule file:///home/whkelvin/.vscode-oss/extensions/esbenp.prettier-vscode-5.8.0/dist/extension
[2021-01-05 22:00:09.166] [exthost] [info] ExtensionService#_doActivateExtension vscode.extension-editing {"startup":false,"extensionId":{"value":"vscode.extension-editing","_lower":"vscode.extension-editing"},"activationEvent":"onLanguage:markdown"}
[2021-01-05 22:00:09.167] [exthost] [info] ExtensionService#loadCommonJSModule file:///usr/share/codium/resources/app/extensions/extension-editing/dist/extensionEditingMain
[2021-01-05 22:00:09.173] [exthost] [info] ExtensionService#_doActivateExtension vscode.markdown-language-features {"startup":false,"extensionId":{"value":"vscode.markdown-language-features","_lower":"vscode.markdown-language-features"},"activationEvent":"onLanguage:markdown"}
[2021-01-05 22:00:09.173] [exthost] [info] ExtensionService#loadCommonJSModule file:///usr/share/codium/resources/app/extensions/markdown-language-features/dist/extension
[2021-01-05 22:00:09.665] [exthost] [info] ExtensionService#_doActivateExtension vscode.configuration-editing {"startup":false,"extensionId":{"value":"vscode.configuration-editing","_lower":"vscode.configuration-editing"},"activationEvent":"onLanguage:json"}
[2021-01-05 22:00:09.665] [exthost] [info] ExtensionService#loadCommonJSModule file:///usr/share/codium/resources/app/extensions/configuration-editing/dist/configurationEditingMain
[2021-01-05 22:00:09.668] [exthost] [info] ExtensionService#_doActivateExtension vscode.json-language-features {"startup":false,"extensionId":{"value":"vscode.json-language-features","_lower":"vscode.json-language-features"},"activationEvent":"onLanguage:json"}
[2021-01-05 22:00:09.668] [exthost] [info] ExtensionService#loadCommonJSModule file:///usr/share/codium/resources/app/extensions/json-language-features/client/dist/node/jsonClientMain
[2021-01-05 22:00:10.171] [exthost] [info] ExtensionService#_doActivateExtension vscode.typescript-language-features {"startup":false,"extensionId":{"value":"vscode.typescript-language-features","_lower":"vscode.typescript-language-features"},"activationEvent":"onLanguage:jsonc"}
[2021-01-05 22:00:10.171] [exthost] [info] ExtensionService#loadCommonJSModule file:///usr/share/codium/resources/app/extensions/typescript-language-features/dist/extension
[2021-01-06 21:22:15.216] [exthost] [warning] TextEditor is closed/disposed
[2021-01-06 21:32:06.345] [exthost] [info] ExtensionService#_doActivateExtension vscode.image-preview {"startup":false,"extensionId":{"value":"vscode.image-preview","_lower":"vscode.image-preview"},"activationEvent":"onCustomEditor:imagePreview.previewEditor"}
[2021-01-06 21:32:06.346] [exthost] [info] ExtensionService#loadCommonJSModule file:///usr/share/codium/resources/app/extensions/image-preview/dist/extension
[2021-01-06 21:42:38.139] [exthost] [info] ExtensionService#_doActivateExtension vscode.css-language-features {"startup":false,"extensionId":{"value":"vscode.css-language-features","_lower":"vscode.css-language-features"},"activationEvent":"onLanguage:scss"}
[2021-01-06 21:42:38.140] [exthost] [info] ExtensionService#loadCommonJSModule file:///usr/share/codium/resources/app/extensions/css-language-features/client/dist/node/cssClientMain
